mode: set
github.com/eli-darkly/go-coverage-enforcer/analyzer.go:38.94,44.27 4 1
github.com/eli-darkly/go-coverage-enforcer/analyzer.go:92.2,92.20 1 1
github.com/eli-darkly/go-coverage-enforcer/analyzer.go:44.27,45.63 1 1
github.com/eli-darkly/go-coverage-enforcer/analyzer.go:49.3,50.82 2 1
github.com/eli-darkly/go-coverage-enforcer/analyzer.go:56.3,56.26 1 1
github.com/eli-darkly/go-coverage-enforcer/analyzer.go:60.3,61.51 2 1
github.com/eli-darkly/go-coverage-enforcer/analyzer.go:86.3,89.5 1 1
github.com/eli-darkly/go-coverage-enforcer/analyzer.go:45.63,48.4 1 1
github.com/eli-darkly/go-coverage-enforcer/analyzer.go:50.82,53.12 3 1
github.com/eli-darkly/go-coverage-enforcer/analyzer.go:56.26,57.12 1 1
github.com/eli-darkly/go-coverage-enforcer/analyzer.go:61.51,63.18 2 1
github.com/eli-darkly/go-coverage-enforcer/analyzer.go:67.4,67.35 1 1
github.com/eli-darkly/go-coverage-enforcer/analyzer.go:81.4,81.21 1 1
github.com/eli-darkly/go-coverage-enforcer/analyzer.go:63.18,65.5 1 1
github.com/eli-darkly/go-coverage-enforcer/analyzer.go:67.35,69.32 2 1
github.com/eli-darkly/go-coverage-enforcer/analyzer.go:75.5,75.14 1 1
github.com/eli-darkly/go-coverage-enforcer/analyzer.go:69.32,70.53 1 1
github.com/eli-darkly/go-coverage-enforcer/analyzer.go:70.53,72.12 2 1
github.com/eli-darkly/go-coverage-enforcer/analyzer.go:75.14,77.14 2 1
github.com/eli-darkly/go-coverage-enforcer/analyzer.go:81.21,83.5 1 1
github.com/eli-darkly/go-coverage-enforcer/analyzer.go:98.9,100.37 2 1
github.com/eli-darkly/go-coverage-enforcer/analyzer.go:103.2,104.40 2 1
github.com/eli-darkly/go-coverage-enforcer/analyzer.go:107.2,107.84 1 1
github.com/eli-darkly/go-coverage-enforcer/analyzer.go:110.2,110.40 1 1
github.com/eli-darkly/go-coverage-enforcer/analyzer.go:100.37,102.3 1 1
github.com/eli-darkly/go-coverage-enforcer/analyzer.go:104.40,106.3 1 1
github.com/eli-darkly/go-coverage-enforcer/analyzer.go:107.84,109.3 1 1
github.com/eli-darkly/go-coverage-enforcer/analyzer.go:113.67,115.16 2 1
github.com/eli-darkly/go-coverage-enforcer/analyzer.go:118.2,123.32 5 1
github.com/eli-darkly/go-coverage-enforcer/analyzer.go:130.2,130.27 1 1
github.com/eli-darkly/go-coverage-enforcer/analyzer.go:115.16,117.3 1 1
github.com/eli-darkly/go-coverage-enforcer/analyzer.go:123.32,125.16 2 1
github.com/eli-darkly/go-coverage-enforcer/analyzer.go:128.3,128.36 1 1
github.com/eli-darkly/go-coverage-enforcer/analyzer.go:125.16,126.12 1 1
github.com/eli-darkly/go-coverage-enforcer/coverage_profile.go:64.70,70.21 5 1
github.com/eli-darkly/go-coverage-enforcer/coverage_profile.go:95.2,95.38 1 1
github.com/eli-darkly/go-coverage-enforcer/coverage_profile.go:99.2,99.17 1 1
github.com/eli-darkly/go-coverage-enforcer/coverage_profile.go:70.21,73.17 3 1
github.com/eli-darkly/go-coverage-enforcer/coverage_profile.go:76.3,76.39 1 1
github.com/eli-darkly/go-coverage-enforcer/coverage_profile.go:73.17,74.12 1 1
github.com/eli-darkly/go-coverage-enforcer/coverage_profile.go:76.39,78.4 1 1
github.com/eli-darkly/go-coverage-enforcer/coverage_profile.go:78.9,79.77 1 1
github.com/eli-darkly/go-coverage-enforcer/coverage_profile.go:79.77,89.5 9 1
github.com/eli-darkly/go-coverage-enforcer/coverage_profile.go:89.10,91.5 1 1
github.com/eli-darkly/go-coverage-enforcer/coverage_profile.go:95.38,97.3 1 1
github.com/eli-darkly/go-coverage-enforcer/coverage_profile.go:103.59,106.16 3 1
github.com/eli-darkly/go-coverage-enforcer/coverage_profile.go:110.2,110.30 1 1
github.com/eli-darkly/go-coverage-enforcer/coverage_profile.go:127.2,127.19 1 1
github.com/eli-darkly/go-coverage-enforcer/coverage_profile.go:106.16,109.3 1 0
github.com/eli-darkly/go-coverage-enforcer/coverage_profile.go:110.30,122.17 3 1
github.com/eli-darkly/go-coverage-enforcer/coverage_profile.go:122.17,125.4 1 0
github.com/eli-darkly/go-coverage-enforcer/coverage_profile.go:137.65,139.30 2 1
github.com/eli-darkly/go-coverage-enforcer/coverage_profile.go:149.2,150.28 2 1
github.com/eli-darkly/go-coverage-enforcer/coverage_profile.go:153.2,153.38 1 1
github.com/eli-darkly/go-coverage-enforcer/coverage_profile.go:159.2,159.12 1 1
github.com/eli-darkly/go-coverage-enforcer/coverage_profile.go:139.30,140.26 1 1
github.com/eli-darkly/go-coverage-enforcer/coverage_profile.go:140.26,142.4 1 1
github.com/eli-darkly/go-coverage-enforcer/coverage_profile.go:142.9,143.42 1 1
github.com/eli-darkly/go-coverage-enforcer/coverage_profile.go:143.42,145.5 1 1
github.com/eli-darkly/go-coverage-enforcer/coverage_profile.go:150.28,152.3 1 1
github.com/eli-darkly/go-coverage-enforcer/coverage_profile.go:153.38,158.3 3 1
github.com/eli-darkly/go-coverage-enforcer/coverage_profile.go:164.102,168.30 4 1
github.com/eli-darkly/go-coverage-enforcer/coverage_profile.go:173.2,173.12 1 1
github.com/eli-darkly/go-coverage-enforcer/coverage_profile.go:168.30,169.21 1 1
github.com/eli-darkly/go-coverage-enforcer/coverage_profile.go:169.21,171.4 1 1
github.com/eli-darkly/go-coverage-enforcer/infer_package_path.go:13.32,14.53 1 1
github.com/eli-darkly/go-coverage-enforcer/infer_package_path.go:24.2,26.16 3 1
github.com/eli-darkly/go-coverage-enforcer/infer_package_path.go:44.2,44.11 1 1
github.com/eli-darkly/go-coverage-enforcer/infer_package_path.go:14.53,17.21 3 1
github.com/eli-darkly/go-coverage-enforcer/infer_package_path.go:17.21,19.42 2 1
github.com/eli-darkly/go-coverage-enforcer/infer_package_path.go:19.42,21.5 1 1
github.com/eli-darkly/go-coverage-enforcer/infer_package_path.go:26.16,29.24 3 1
github.com/eli-darkly/go-coverage-enforcer/infer_package_path.go:32.3,33.24 2 1
github.com/eli-darkly/go-coverage-enforcer/infer_package_path.go:38.3,39.24 2 1
github.com/eli-darkly/go-coverage-enforcer/infer_package_path.go:29.24,31.4 1 1
github.com/eli-darkly/go-coverage-enforcer/infer_package_path.go:33.24,37.4 1 0
github.com/eli-darkly/go-coverage-enforcer/infer_package_path.go:39.24,41.4 1 1
github.com/eli-darkly/go-coverage-enforcer/main.go:8.13,10.9 2 0
github.com/eli-darkly/go-coverage-enforcer/main.go:14.2,14.31 1 0
github.com/eli-darkly/go-coverage-enforcer/main.go:22.2,23.16 2 0
github.com/eli-darkly/go-coverage-enforcer/main.go:27.2,29.16 3 0
github.com/eli-darkly/go-coverage-enforcer/main.go:34.2,38.38 4 0
github.com/eli-darkly/go-coverage-enforcer/main.go:45.2,45.34 1 0
github.com/eli-darkly/go-coverage-enforcer/main.go:53.2,53.11 1 0
github.com/eli-darkly/go-coverage-enforcer/main.go:10.9,12.3 1 0
github.com/eli-darkly/go-coverage-enforcer/main.go:14.31,16.32 2 0
github.com/eli-darkly/go-coverage-enforcer/main.go:16.32,19.4 2 0
github.com/eli-darkly/go-coverage-enforcer/main.go:23.16,26.3 2 0
github.com/eli-darkly/go-coverage-enforcer/main.go:29.16,32.3 2 0
github.com/eli-darkly/go-coverage-enforcer/main.go:38.38,41.3 2 0
github.com/eli-darkly/go-coverage-enforcer/main.go:41.8,43.3 1 0
github.com/eli-darkly/go-coverage-enforcer/main.go:45.34,51.3 5 0
github.com/eli-darkly/go-coverage-enforcer/main.go:53.11,55.3 1 0
github.com/eli-darkly/go-coverage-enforcer/main.go:58.29,59.16 1 0
github.com/eli-darkly/go-coverage-enforcer/main.go:59.16,62.3 2 0
github.com/eli-darkly/go-coverage-enforcer/main.go:65.43,67.43 2 0
github.com/eli-darkly/go-coverage-enforcer/main.go:67.43,68.22 1 0
github.com/eli-darkly/go-coverage-enforcer/main.go:71.3,72.22 2 0
github.com/eli-darkly/go-coverage-enforcer/main.go:68.22,70.4 1 0
github.com/eli-darkly/go-coverage-enforcer/main.go:72.22,73.32 1 0
github.com/eli-darkly/go-coverage-enforcer/main.go:73.32,75.5 1 0
github.com/eli-darkly/go-coverage-enforcer/options.go:24.91,39.16 12 1
github.com/eli-darkly/go-coverage-enforcer/options.go:43.2,44.28 2 1
github.com/eli-darkly/go-coverage-enforcer/options.go:49.2,52.84 3 1
github.com/eli-darkly/go-coverage-enforcer/options.go:55.2,55.82 1 1
github.com/eli-darkly/go-coverage-enforcer/options.go:59.2,59.19 1 1
github.com/eli-darkly/go-coverage-enforcer/options.go:39.16,41.3 1 1
github.com/eli-darkly/go-coverage-enforcer/options.go:44.28,48.3 3 1
github.com/eli-darkly/go-coverage-enforcer/options.go:52.84,54.3 1 1
github.com/eli-darkly/go-coverage-enforcer/options.go:55.82,57.3 1 1
github.com/eli-darkly/go-coverage-enforcer/options.go:62.77,63.13 1 1
github.com/eli-darkly/go-coverage-enforcer/options.go:66.2,67.16 2 1
github.com/eli-darkly/go-coverage-enforcer/options.go:71.2,71.16 1 1
github.com/eli-darkly/go-coverage-enforcer/options.go:63.13,65.3 1 1
github.com/eli-darkly/go-coverage-enforcer/options.go:67.16,70.3 2 1
